<?xml version="1.0" encoding="UTF-8"?>
<testsuite name="com.jojoldu.book.springboot.domain.posts.PostsRepositoryTest" tests="2" skipped="0" failures="0" errors="0" timestamp="2022-09-06T13:14:31" hostname="DESKTOP-50SQVBA" time="0.079">
  <properties/>
  <testcase name="BaseTimeEntity_등록" classname="com.jojoldu.book.springboot.domain.posts.PostsRepositoryTest" time="0.072"/>
  <testcase name="저장글_불러오기" classname="com.jojoldu.book.springboot.domain.posts.PostsRepositoryTest" time="0.007"/>
  <system-out><![CDATA[2022-09-06 22:14:30.903  INFO 14476 --- [    Test worker] .b.t.c.SpringBootTestContextBootstrapper : Neither @ContextConfiguration nor @ContextHierarchy found for test class [com.jojoldu.book.springboot.domain.posts.PostsRepositoryTest], using SpringBootContextLoader
2022-09-06 22:14:30.903  INFO 14476 --- [    Test worker] o.s.t.c.support.AbstractContextLoader    : Could not detect default resource locations for test class [com.jojoldu.book.springboot.domain.posts.PostsRepositoryTest]: no resource found for suffixes {-context.xml, Context.groovy}.
2022-09-06 22:14:30.903  INFO 14476 --- [    Test worker] t.c.s.AnnotationConfigContextLoaderUtils : Could not detect default configuration classes for test class [com.jojoldu.book.springboot.domain.posts.PostsRepositoryTest]: PostsRepositoryTest does not declare any static, non-private, non-final, nested classes annotated with @Configuration.
2022-09-06 22:14:30.909  INFO 14476 --- [    Test worker] .b.t.c.SpringBootTestContextBootstrapper : Found @SpringBootConfiguration com.jojoldu.book.springboot.Application for test class com.jojoldu.book.springboot.domain.posts.PostsRepositoryTest
2022-09-06 22:14:30.910  INFO 14476 --- [    Test worker] .b.t.c.SpringBootTestContextBootstrapper : Loaded default TestExecutionListener class names from location [META-INF/spring.factories]: [org.springframework.security.test.context.support.WithSecurityContextTestExecutionListener, org.springframework.security.test.context.support.ReactorContextTestExecutionListener, org.springframework.boot.test.autoconfigure.restdocs.RestDocsTestExecutionListener, org.springframework.boot.test.autoconfigure.web.client.MockRestServiceServerResetTestExecutionListener, org.springframework.boot.test.autoconfigure.web.servlet.MockMvcPrintOnlyOnFailureTestExecutionListener, org.springframework.boot.test.autoconfigure.web.servlet.WebDriverTestExecutionListener, org.springframework.boot.test.mock.mockito.MockitoTestExecutionListener, org.springframework.boot.test.mock.mockito.ResetMocksTestExecutionListener, org.springframework.test.context.web.ServletTestExecutionListener, org.springframework.test.context.support.DirtiesContextBeforeModesTestExecutionListener, org.springframework.test.context.support.DependencyInjectionTestExecutionListener, org.springframework.test.context.support.DirtiesContextTestExecutionListener, org.springframework.test.context.transaction.TransactionalTestExecutionListener, org.springframework.test.context.jdbc.SqlScriptsTestExecutionListener]
2022-09-06 22:14:30.910  INFO 14476 --- [    Test worker] .b.t.c.SpringBootTestContextBootstrapper : Using TestExecutionListeners: [org.springframework.test.context.web.ServletTestExecutionListener@e1e438b, org.springframework.test.context.support.DirtiesContextBeforeModesTestExecutionListener@6c82eebe, org.springframework.boot.test.mock.mockito.MockitoTestExecutionListener@4fa8494f, org.springframework.boot.test.autoconfigure.SpringBootDependencyInjectionTestExecutionListener@70ff7804, org.springframework.test.context.support.DirtiesContextTestExecutionListener@c016f8b, org.springframework.test.context.transaction.TransactionalTestExecutionListener@770d97ab, org.springframework.test.context.jdbc.SqlScriptsTestExecutionListener@7a624a34, org.springframework.security.test.context.support.WithSecurityContextTestExecutionListener@71d63224, org.springframework.security.test.context.support.ReactorContextTestExecutionListener@762c76a2, org.springframework.boot.test.autoconfigure.restdocs.RestDocsTestExecutionListener@6d871703, org.springframework.boot.test.autoconfigure.web.client.MockRestServiceServerResetTestExecutionListener@55cd36d, org.springframework.boot.test.autoconfigure.web.servlet.MockMvcPrintOnlyOnFailureTestExecutionListener@45db86f0, org.springframework.boot.test.autoconfigure.web.servlet.WebDriverTestExecutionListener@50d7618f, org.springframework.boot.test.mock.mockito.ResetMocksTestExecutionListener@53d5b99]

  .   ____          _            __ _ _
 /\\ / ___'_ __ _ _(_)_ __  __ _ \ \ \ \
( ( )\___ | '_ | '_| | '_ \/ _` | \ \ \ \
 \\/  ___)| |_)| | | | | || (_| |  ) ) ) )
  '  |____| .__|_| |_|_| |_\__, | / / / /
 =========|_|==============|___/=/_/_/_/
 :: Spring Boot ::        (v2.1.7.RELEASE)

2022-09-06 22:14:30.923  INFO 14476 --- [    Test worker] c.j.b.s.d.posts.PostsRepositoryTest      : Starting PostsRepositoryTest on DESKTOP-50SQVBA with PID 14476 (started by sprin in D:\Project\freelec-springboot2-webservice)
2022-09-06 22:14:30.923  INFO 14476 --- [    Test worker] c.j.b.s.d.posts.PostsRepositoryTest      : No active profile set, falling back to default profiles: default
2022-09-06 22:14:31.036  INFO 14476 --- [    Test worker] .s.d.r.c.RepositoryConfigurationDelegate : Bootstrapping Spring Data repositories in DEFAULT mode.
2022-09-06 22:14:31.046  INFO 14476 --- [    Test worker] .s.d.r.c.RepositoryConfigurationDelegate : Finished Spring Data repository scanning in 10ms. Found 2 repository interfaces.
2022-09-06 22:14:31.095  INFO 14476 --- [    Test worker] trationDelegate$BeanPostProcessorChecker : Bean 'org.springframework.transaction.annotation.ProxyTransactionManagementConfiguration' of type [org.springframework.transaction.annotation.ProxyTransactionManagementConfiguration$$EnhancerBySpringCGLIB$$e1a07374] is not eligible for getting processed by all BeanPostProcessors (for example: not eligible for auto-proxying)
2022-09-06 22:14:31.136  INFO 14476 --- [    Test worker] com.zaxxer.hikari.HikariDataSource       : HikariPool-2 - Starting...
2022-09-06 22:14:31.137  INFO 14476 --- [    Test worker] com.zaxxer.hikari.HikariDataSource       : HikariPool-2 - Start completed.
2022-09-06 22:14:31.149  INFO 14476 --- [    Test worker] o.hibernate.jpa.internal.util.LogHelper  : HHH000204: Processing PersistenceUnitInfo [
	name: default
	...]
2022-09-06 22:14:31.154  INFO 14476 --- [    Test worker] org.hibernate.dialect.Dialect            : HHH000400: Using dialect: org.hibernate.dialect.MySQL5InnoDBDialect
Hibernate: drop table if exists hibernate_sequence
Hibernate: drop table if exists posts
Hibernate: drop table if exists user
Hibernate: create table hibernate_sequence (next_val bigint) engine=InnoDB
Hibernate: insert into hibernate_sequence values ( 1 )
Hibernate: create table posts (id bigint not null, created_date datetime, modified_date datetime, author TEXT not null, content varchar(255), title varchar(500) not null, primary key (id)) engine=InnoDB
Hibernate: create table user (id bigint not null auto_increment, created_date datetime, modified_date datetime, email varchar(255) not null, name varchar(255) not null, picture varchar(255), role varchar(255) not null, primary key (id)) engine=InnoDB
2022-09-06 22:14:31.180  INFO 14476 --- [    Test worker] o.h.t.schema.internal.SchemaCreatorImpl  : HHH000476: Executing import script 'org.hibernate.tool.schema.internal.exec.ScriptSourceInputNonExistentImpl@5a26a08e'
2022-09-06 22:14:31.181  INFO 14476 --- [    Test worker] j.LocalContainerEntityManagerFactoryBean : Initialized JPA EntityManagerFactory for persistence unit 'default'
2022-09-06 22:14:31.208  INFO 14476 --- [    Test worker] o.h.h.i.QueryTranslatorFactoryInitiator  : HHH000397: Using ASTQueryTranslatorFactory
2022-09-06 22:14:31.356  INFO 14476 --- [    Test worker] o.s.s.web.DefaultSecurityFilterChain     : Creating filter chain: any request, [org.springframework.security.web.context.request.async.WebAsyncManagerIntegrationFilter@603a7d93, org.springframework.security.web.context.SecurityContextPersistenceFilter@55cefaf3, org.springframework.security.web.header.HeaderWriterFilter@6ae59c9c, org.springframework.security.web.authentication.logout.LogoutFilter@20738eed, org.springframework.security.oauth2.client.web.OAuth2AuthorizationRequestRedirectFilter@3decfb0d, org.springframework.security.oauth2.client.web.OAuth2LoginAuthenticationFilter@d75b2ef, org.springframework.security.web.authentication.ui.DefaultLoginPageGeneratingFilter@2c8e525, org.springframework.security.web.authentication.ui.DefaultLogoutPageGeneratingFilter@6d5338e5, org.springframework.security.web.savedrequest.RequestCacheAwareFilter@2b402219, org.springframework.security.web.servletapi.SecurityContextHolderAwareRequestFilter@6d074a91, org.springframework.security.web.authentication.AnonymousAuthenticationFilter@37bd82d1, org.springframework.security.web.session.SessionManagementFilter@6eb02206, org.springframework.security.web.access.ExceptionTranslationFilter@67233a61, org.springframework.security.web.access.intercept.FilterSecurityInterceptor@7f8e5d4c]
2022-09-06 22:14:31.488  INFO 14476 --- [    Test worker] o.s.s.concurrent.ThreadPoolTaskExecutor  : Initializing ExecutorService 'applicationTaskExecutor'
2022-09-06 22:14:31.495  WARN 14476 --- [    Test worker] aWebConfiguration$JpaWebMvcConfiguration : spring.jpa.open-in-view is enabled by default. Therefore, database queries may be performed during view rendering. Explicitly configure spring.jpa.open-in-view to disable this warning
2022-09-06 22:14:31.508  INFO 14476 --- [    Test worker] o.s.b.a.w.s.WelcomePageHandlerMapping    : Adding welcome page template: index
2022-09-06 22:14:31.689  INFO 14476 --- [    Test worker] s.a.ScheduledAnnotationBeanPostProcessor : No TaskScheduler/ScheduledExecutorService bean found for scheduled processing
2022-09-06 22:14:31.689  INFO 14476 --- [    Test worker] c.j.b.s.d.posts.PostsRepositoryTest      : Started PostsRepositoryTest in 0.778 seconds (JVM running for 5.953)
Hibernate: select next_val as id_val from hibernate_sequence for update
Hibernate: update hibernate_sequence set next_val= ? where next_val=?
Hibernate: insert into posts (created_date, modified_date, author, content, title, id) values (?, ?, ?, ?, ?, ?)
Hibernate: select posts0_.id as id1_0_, posts0_.created_date as created_2_0_, posts0_.modified_date as modified3_0_, posts0_.author as author4_0_, posts0_.content as content5_0_, posts0_.title as title6_0_ from posts posts0_
>>>>>>>>>>>>>>> create date =2022-09-06T22:14:31.717,modified date =2022-09-06T22:14:31.717
Hibernate: select posts0_.id as id1_0_, posts0_.created_date as created_2_0_, posts0_.modified_date as modified3_0_, posts0_.author as author4_0_, posts0_.content as content5_0_, posts0_.title as title6_0_ from posts posts0_
Hibernate: delete from posts where id=?
Hibernate: select next_val as id_val from hibernate_sequence for update
Hibernate: update hibernate_sequence set next_val= ? where next_val=?
Hibernate: insert into posts (created_date, modified_date, author, content, title, id) values (?, ?, ?, ?, ?, ?)
Hibernate: select posts0_.id as id1_0_, posts0_.created_date as created_2_0_, posts0_.modified_date as modified3_0_, posts0_.author as author4_0_, posts0_.content as content5_0_, posts0_.title as title6_0_ from posts posts0_
Hibernate: select posts0_.id as id1_0_, posts0_.created_date as created_2_0_, posts0_.modified_date as modified3_0_, posts0_.author as author4_0_, posts0_.content as content5_0_, posts0_.title as title6_0_ from posts posts0_
Hibernate: delete from posts where id=?
]]></system-out>
  <system-err><![CDATA[]]></system-err>
</testsuite>
