<?xml version="1.0" encoding="UTF-8"?>
<testsuite name="com.jojoldu.book.springboot.dto.HelloResponseDtoTest" tests="1" skipped="0" failures="0" errors="0" timestamp="2022-09-06T13:14:31" hostname="DESKTOP-50SQVBA" time="0.001">
  <properties/>
  <testcase name="롬복_기능_테스트" classname="com.jojoldu.book.springboot.dto.HelloResponseDtoTest" time="0.001"/>
  <system-out><![CDATA[]]></system-out>
  <system-err><![CDATA[]]></system-err>
</testsuite>
