<?xml version="1.0" encoding="UTF-8"?>
<testsuite name="com.jojoldu.book.springboot.HelloControllerTest" tests="2" skipped="0" failures="0" errors="0" timestamp="2022-09-13T10:47:23" hostname="DESKTOP-50SQVBA" time="0.1">
  <properties/>
  <testcase name="hello가_리턴된다" classname="com.jojoldu.book.springboot.HelloControllerTest" time="0.046"/>
  <testcase name="hello_dto가_리턴된다" classname="com.jojoldu.book.springboot.HelloControllerTest" time="0.054"/>
  <system-out><![CDATA[2022-09-13 19:47:23.332  INFO 23024 --- [    Test worker] .b.t.a.w.s.WebMvcTestContextBootstrapper : Neither @ContextConfiguration nor @ContextHierarchy found for test class [com.jojoldu.book.springboot.HelloControllerTest], using SpringBootContextLoader
2022-09-13 19:47:23.333  INFO 23024 --- [    Test worker] o.s.t.c.support.AbstractContextLoader    : Could not detect default resource locations for test class [com.jojoldu.book.springboot.HelloControllerTest]: no resource found for suffixes {-context.xml, Context.groovy}.
2022-09-13 19:47:23.333  INFO 23024 --- [    Test worker] t.c.s.AnnotationConfigContextLoaderUtils : Could not detect default configuration classes for test class [com.jojoldu.book.springboot.HelloControllerTest]: HelloControllerTest does not declare any static, non-private, non-final, nested classes annotated with @Configuration.
2022-09-13 19:47:23.345  INFO 23024 --- [    Test worker] .b.t.c.SpringBootTestContextBootstrapper : Found @SpringBootConfiguration com.jojoldu.book.springboot.Application for test class com.jojoldu.book.springboot.HelloControllerTest
2022-09-13 19:47:23.346  INFO 23024 --- [    Test worker] .b.t.a.w.s.WebMvcTestContextBootstrapper : Loaded default TestExecutionListener class names from location [META-INF/spring.factories]: [org.springframework.security.test.context.support.WithSecurityContextTestExecutionListener, org.springframework.security.test.context.support.ReactorContextTestExecutionListener, org.springframework.boot.test.autoconfigure.restdocs.RestDocsTestExecutionListener, org.springframework.boot.test.autoconfigure.web.client.MockRestServiceServerResetTestExecutionListener, org.springframework.boot.test.autoconfigure.web.servlet.MockMvcPrintOnlyOnFailureTestExecutionListener, org.springframework.boot.test.autoconfigure.web.servlet.WebDriverTestExecutionListener, org.springframework.boot.test.mock.mockito.MockitoTestExecutionListener, org.springframework.boot.test.mock.mockito.ResetMocksTestExecutionListener, org.springframework.test.context.web.ServletTestExecutionListener, org.springframework.test.context.support.DirtiesContextBeforeModesTestExecutionListener, org.springframework.test.context.support.DependencyInjectionTestExecutionListener, org.springframework.test.context.support.DirtiesContextTestExecutionListener, org.springframework.test.context.transaction.TransactionalTestExecutionListener, org.springframework.test.context.jdbc.SqlScriptsTestExecutionListener]
2022-09-13 19:47:23.346  INFO 23024 --- [    Test worker] .b.t.a.w.s.WebMvcTestContextBootstrapper : Using TestExecutionListeners: [org.springframework.test.context.web.ServletTestExecutionListener@4625f4db, org.springframework.test.context.support.DirtiesContextBeforeModesTestExecutionListener@4a766da4, org.springframework.boot.test.mock.mockito.MockitoTestExecutionListener@71afd6e1, org.springframework.boot.test.autoconfigure.SpringBootDependencyInjectionTestExecutionListener@28198019, org.springframework.test.context.support.DirtiesContextTestExecutionListener@41733aed, org.springframework.test.context.transaction.TransactionalTestExecutionListener@3811642a, org.springframework.test.context.jdbc.SqlScriptsTestExecutionListener@3786a517, org.springframework.security.test.context.support.WithSecurityContextTestExecutionListener@53fbe2b6, org.springframework.security.test.context.support.ReactorContextTestExecutionListener@b870e76, org.springframework.boot.test.autoconfigure.restdocs.RestDocsTestExecutionListener@38040b18, org.springframework.boot.test.autoconfigure.web.client.MockRestServiceServerResetTestExecutionListener@3a28af12, org.springframework.boot.test.autoconfigure.web.servlet.MockMvcPrintOnlyOnFailureTestExecutionListener@36ca14b3, org.springframework.boot.test.autoconfigure.web.servlet.WebDriverTestExecutionListener@50d58a2, org.springframework.boot.test.mock.mockito.ResetMocksTestExecutionListener@1dc9cfd0]

  .   ____          _            __ _ _
 /\\ / ___'_ __ _ _(_)_ __  __ _ \ \ \ \
( ( )\___ | '_ | '_| | '_ \/ _` | \ \ \ \
 \\/  ___)| |_)| | | | | || (_| |  ) ) ) )
  '  |____| .__|_| |_|_| |_\__, | / / / /
 =========|_|==============|___/=/_/_/_/
 :: Spring Boot ::        (v2.1.7.RELEASE)

2022-09-13 19:47:23.361  INFO 23024 --- [    Test worker] c.j.book.springboot.HelloControllerTest  : Starting HelloControllerTest on DESKTOP-50SQVBA with PID 23024 (started by sprin in D:\Project\freelec-springboot2-webservice)
2022-09-13 19:47:23.361  INFO 23024 --- [    Test worker] c.j.book.springboot.HelloControllerTest  : No active profile set, falling back to default profiles: default
2022-09-13 19:47:23.584  INFO 23024 --- [    Test worker] o.s.s.concurrent.ThreadPoolTaskExecutor  : Initializing ExecutorService 'applicationTaskExecutor'
2022-09-13 19:47:23.601  INFO 23024 --- [    Test worker] o.s.b.a.w.s.WelcomePageHandlerMapping    : Adding welcome page template: index
2022-09-13 19:47:23.707  INFO 23024 --- [    Test worker] .s.s.UserDetailsServiceAutoConfiguration : 

Using generated security password: eb9dd88f-c4fe-41fd-9d2a-91befbed715e

2022-09-13 19:47:23.783  INFO 23024 --- [    Test worker] o.s.s.web.DefaultSecurityFilterChain     : Creating filter chain: any request, [org.springframework.security.web.context.request.async.WebAsyncManagerIntegrationFilter@1aa86ded, org.springframework.security.web.context.SecurityContextPersistenceFilter@7daa96fd, org.springframework.security.web.header.HeaderWriterFilter@2c093ee9, org.springframework.security.web.csrf.CsrfFilter@17736eca, org.springframework.security.web.authentication.logout.LogoutFilter@713c7956, org.springframework.security.web.authentication.UsernamePasswordAuthenticationFilter@43d0be46, org.springframework.security.web.authentication.ui.DefaultLoginPageGeneratingFilter@61ca686e, org.springframework.security.web.authentication.ui.DefaultLogoutPageGeneratingFilter@78427b61, org.springframework.security.web.authentication.www.BasicAuthenticationFilter@35868fe0, org.springframework.security.web.savedrequest.RequestCacheAwareFilter@24f5883e, org.springframework.security.web.servletapi.SecurityContextHolderAwareRequestFilter@41ee143f, org.springframework.security.web.authentication.AnonymousAuthenticationFilter@79ba1206, org.springframework.security.web.session.SessionManagementFilter@2000109c, org.springframework.security.web.access.ExceptionTranslationFilter@15799fe1, org.springframework.security.web.access.intercept.FilterSecurityInterceptor@3f1bd06c]
2022-09-13 19:47:23.807  INFO 23024 --- [    Test worker] o.s.b.t.m.w.SpringBootMockServletContext : Initializing Spring TestDispatcherServlet ''
2022-09-13 19:47:23.807  INFO 23024 --- [    Test worker] o.s.t.web.servlet.TestDispatcherServlet  : Initializing Servlet ''
2022-09-13 19:47:23.815  INFO 23024 --- [    Test worker] o.s.t.web.servlet.TestDispatcherServlet  : Completed initialization in 8 ms
2022-09-13 19:47:23.830  INFO 23024 --- [    Test worker] c.j.book.springboot.HelloControllerTest  : Started HelloControllerTest in 0.482 seconds (JVM running for 5.041)
]]></system-out>
  <system-err><![CDATA[]]></system-err>
</testsuite>
