<?xml version="1.0" encoding="UTF-8"?>
<testsuite name="com.jojoldu.book.springboot.web.IndexControllerTest" tests="1" skipped="0" failures="0" errors="0" timestamp="2022-09-13T10:47:25" hostname="DESKTOP-50SQVBA" time="0.123">
  <properties/>
  <testcase name="메인페이지_로딩" classname="com.jojoldu.book.springboot.web.IndexControllerTest" time="0.123"/>
  <system-out><![CDATA[2022-09-13 19:47:23.933  INFO 23024 --- [    Test worker] .b.t.c.SpringBootTestContextBootstrapper : Neither @ContextConfiguration nor @ContextHierarchy found for test class [com.jojoldu.book.springboot.web.IndexControllerTest], using SpringBootContextLoader
2022-09-13 19:47:23.934  INFO 23024 --- [    Test worker] o.s.t.c.support.AbstractContextLoader    : Could not detect default resource locations for test class [com.jojoldu.book.springboot.web.IndexControllerTest]: no resource found for suffixes {-context.xml, Context.groovy}.
2022-09-13 19:47:23.934  INFO 23024 --- [    Test worker] t.c.s.AnnotationConfigContextLoaderUtils : Could not detect default configuration classes for test class [com.jojoldu.book.springboot.web.IndexControllerTest]: IndexControllerTest does not declare any static, non-private, non-final, nested classes annotated with @Configuration.
2022-09-13 19:47:23.939  INFO 23024 --- [    Test worker] .b.t.c.SpringBootTestContextBootstrapper : Found @SpringBootConfiguration com.jojoldu.book.springboot.Application for test class com.jojoldu.book.springboot.web.IndexControllerTest
2022-09-13 19:47:23.939  INFO 23024 --- [    Test worker] .b.t.c.SpringBootTestContextBootstrapper : Loaded default TestExecutionListener class names from location [META-INF/spring.factories]: [org.springframework.security.test.context.support.WithSecurityContextTestExecutionListener, org.springframework.security.test.context.support.ReactorContextTestExecutionListener, org.springframework.boot.test.autoconfigure.restdocs.RestDocsTestExecutionListener, org.springframework.boot.test.autoconfigure.web.client.MockRestServiceServerResetTestExecutionListener, org.springframework.boot.test.autoconfigure.web.servlet.MockMvcPrintOnlyOnFailureTestExecutionListener, org.springframework.boot.test.autoconfigure.web.servlet.WebDriverTestExecutionListener, org.springframework.boot.test.mock.mockito.MockitoTestExecutionListener, org.springframework.boot.test.mock.mockito.ResetMocksTestExecutionListener, org.springframework.test.context.web.ServletTestExecutionListener, org.springframework.test.context.support.DirtiesContextBeforeModesTestExecutionListener, org.springframework.test.context.support.DependencyInjectionTestExecutionListener, org.springframework.test.context.support.DirtiesContextTestExecutionListener, org.springframework.test.context.transaction.TransactionalTestExecutionListener, org.springframework.test.context.jdbc.SqlScriptsTestExecutionListener]
2022-09-13 19:47:23.940  INFO 23024 --- [    Test worker] .b.t.c.SpringBootTestContextBootstrapper : Using TestExecutionListeners: [org.springframework.test.context.web.ServletTestExecutionListener@1822dd33, org.springframework.test.context.support.DirtiesContextBeforeModesTestExecutionListener@264f7ff6, org.springframework.boot.test.mock.mockito.MockitoTestExecutionListener@4f114e40, org.springframework.boot.test.autoconfigure.SpringBootDependencyInjectionTestExecutionListener@15a27701, org.springframework.test.context.support.DirtiesContextTestExecutionListener@1be7ebc3, org.springframework.test.context.transaction.TransactionalTestExecutionListener@468a9786, org.springframework.test.context.jdbc.SqlScriptsTestExecutionListener@32ca259, org.springframework.security.test.context.support.WithSecurityContextTestExecutionListener@5b0c742, org.springframework.security.test.context.support.ReactorContextTestExecutionListener@212d9dc4, org.springframework.boot.test.autoconfigure.restdocs.RestDocsTestExecutionListener@338918c0, org.springframework.boot.test.autoconfigure.web.client.MockRestServiceServerResetTestExecutionListener@55d14a82, org.springframework.boot.test.autoconfigure.web.servlet.MockMvcPrintOnlyOnFailureTestExecutionListener@56581dad, org.springframework.boot.test.autoconfigure.web.servlet.WebDriverTestExecutionListener@1b56691f, org.springframework.boot.test.mock.mockito.ResetMocksTestExecutionListener@60622dad]

  .   ____          _            __ _ _
 /\\ / ___'_ __ _ _(_)_ __  __ _ \ \ \ \
( ( )\___ | '_ | '_| | '_ \/ _` | \ \ \ \
 \\/  ___)| |_)| | | | | || (_| |  ) ) ) )
  '  |____| .__|_| |_|_| |_\__, | / / / /
 =========|_|==============|___/=/_/_/_/
 :: Spring Boot ::        (v2.1.7.RELEASE)

2022-09-13 19:47:23.956  INFO 23024 --- [    Test worker] c.j.b.s.web.IndexControllerTest          : Starting IndexControllerTest on DESKTOP-50SQVBA with PID 23024 (started by sprin in D:\Project\freelec-springboot2-webservice)
2022-09-13 19:47:23.956  INFO 23024 --- [    Test worker] c.j.b.s.web.IndexControllerTest          : No active profile set, falling back to default profiles: default
2022-09-13 19:47:24.072  INFO 23024 --- [    Test worker] .s.d.r.c.RepositoryConfigurationDelegate : Bootstrapping Spring Data repositories in DEFAULT mode.
2022-09-13 19:47:24.082  INFO 23024 --- [    Test worker] .s.d.r.c.RepositoryConfigurationDelegate : Finished Spring Data repository scanning in 10ms. Found 2 repository interfaces.
2022-09-13 19:47:24.132  INFO 23024 --- [    Test worker] trationDelegate$BeanPostProcessorChecker : Bean 'org.springframework.transaction.annotation.ProxyTransactionManagementConfiguration' of type [org.springframework.transaction.annotation.ProxyTransactionManagementConfiguration$$EnhancerBySpringCGLIB$$9c7c7e95] is not eligible for getting processed by all BeanPostProcessors (for example: not eligible for auto-proxying)
2022-09-13 19:47:24.272  INFO 23024 --- [    Test worker] o.s.b.w.embedded.tomcat.TomcatWebServer  : Tomcat initialized with port(s): 0 (http)
2022-09-13 19:47:24.293  INFO 23024 --- [    Test worker] o.apache.catalina.core.StandardService   : Starting service [Tomcat]
2022-09-13 19:47:24.293  INFO 23024 --- [    Test worker] org.apache.catalina.core.StandardEngine  : Starting Servlet engine: [Apache Tomcat/9.0.22]
2022-09-13 19:47:24.392  INFO 23024 --- [    Test worker] o.a.c.c.C.[Tomcat].[localhost].[/]       : Initializing Spring embedded WebApplicationContext
2022-09-13 19:47:24.392  INFO 23024 --- [    Test worker] o.s.web.context.ContextLoader            : Root WebApplicationContext: initialization completed in 435 ms
2022-09-13 19:47:24.494  INFO 23024 --- [    Test worker] com.zaxxer.hikari.HikariDataSource       : HikariPool-2 - Starting...
2022-09-13 19:47:24.495  INFO 23024 --- [    Test worker] com.zaxxer.hikari.HikariDataSource       : HikariPool-2 - Start completed.
2022-09-13 19:47:24.513  INFO 23024 --- [    Test worker] o.hibernate.jpa.internal.util.LogHelper  : HHH000204: Processing PersistenceUnitInfo [
	name: default
	...]
2022-09-13 19:47:24.519  INFO 23024 --- [    Test worker] org.hibernate.dialect.Dialect            : HHH000400: Using dialect: org.hibernate.dialect.MySQL5InnoDBDialect
Hibernate: drop table if exists hibernate_sequence
Hibernate: drop table if exists posts
Hibernate: drop table if exists user
Hibernate: create table hibernate_sequence (next_val bigint) engine=InnoDB
Hibernate: insert into hibernate_sequence values ( 1 )
Hibernate: create table posts (id bigint not null, created_date datetime, modified_date datetime, author TEXT not null, content varchar(255), title varchar(500) not null, primary key (id)) engine=InnoDB
Hibernate: create table user (id bigint not null auto_increment, created_date datetime, modified_date datetime, email varchar(255) not null, name varchar(255) not null, picture varchar(255), role varchar(255) not null, primary key (id)) engine=InnoDB
2022-09-13 19:47:24.552  INFO 23024 --- [    Test worker] o.h.t.schema.internal.SchemaCreatorImpl  : HHH000476: Executing import script 'org.hibernate.tool.schema.internal.exec.ScriptSourceInputNonExistentImpl@9fa3354'
2022-09-13 19:47:24.553  INFO 23024 --- [    Test worker] j.LocalContainerEntityManagerFactoryBean : Initialized JPA EntityManagerFactory for persistence unit 'default'
2022-09-13 19:47:24.676  INFO 23024 --- [    Test worker] o.h.h.i.QueryTranslatorFactoryInitiator  : HHH000397: Using ASTQueryTranslatorFactory
2022-09-13 19:47:24.819  INFO 23024 --- [    Test worker] o.s.s.web.DefaultSecurityFilterChain     : Creating filter chain: any request, [org.springframework.security.web.context.request.async.WebAsyncManagerIntegrationFilter@4b5b5c2, org.springframework.security.web.context.SecurityContextPersistenceFilter@5b49b6aa, org.springframework.security.web.header.HeaderWriterFilter@50592005, org.springframework.security.web.authentication.logout.LogoutFilter@7ff07fda, org.springframework.security.oauth2.client.web.OAuth2AuthorizationRequestRedirectFilter@31ec66b2, org.springframework.security.oauth2.client.web.OAuth2LoginAuthenticationFilter@a2e14d1, org.springframework.security.web.authentication.ui.DefaultLoginPageGeneratingFilter@699a68a5, org.springframework.security.web.authentication.ui.DefaultLogoutPageGeneratingFilter@3e69ee9a, org.springframework.security.web.savedrequest.RequestCacheAwareFilter@13be70eb, org.springframework.security.web.servletapi.SecurityContextHolderAwareRequestFilter@afe2391, org.springframework.security.web.authentication.AnonymousAuthenticationFilter@6c62d613, org.springframework.security.web.session.SessionManagementFilter@10ee7d26, org.springframework.security.web.access.ExceptionTranslationFilter@5a9b2ca, org.springframework.security.web.access.intercept.FilterSecurityInterceptor@7749a5f3]
2022-09-13 19:47:24.910  INFO 23024 --- [    Test worker] o.s.s.concurrent.ThreadPoolTaskExecutor  : Initializing ExecutorService 'applicationTaskExecutor'
2022-09-13 19:47:24.917  WARN 23024 --- [    Test worker] aWebConfiguration$JpaWebMvcConfiguration : spring.jpa.open-in-view is enabled by default. Therefore, database queries may be performed during view rendering. Explicitly configure spring.jpa.open-in-view to disable this warning
2022-09-13 19:47:24.937  INFO 23024 --- [    Test worker] o.s.b.a.w.s.WelcomePageHandlerMapping    : Adding welcome page template: index
2022-09-13 19:47:25.067  INFO 23024 --- [    Test worker] s.a.ScheduledAnnotationBeanPostProcessor : No TaskScheduler/ScheduledExecutorService bean found for scheduled processing
2022-09-13 19:47:25.078  INFO 23024 --- [    Test worker] o.s.b.w.embedded.tomcat.TomcatWebServer  : Tomcat started on port(s): 63896 (http) with context path ''
2022-09-13 19:47:25.078  INFO 23024 --- [    Test worker] c.j.b.s.web.IndexControllerTest          : Started IndexControllerTest in 1.137 seconds (JVM running for 6.289)
2022-09-13 19:47:25.135  INFO 23024 --- [o-auto-1-exec-1] o.a.c.c.C.[Tomcat].[localhost].[/]       : Initializing Spring DispatcherServlet 'dispatcherServlet'
2022-09-13 19:47:25.135  INFO 23024 --- [o-auto-1-exec-1] o.s.web.servlet.DispatcherServlet        : Initializing Servlet 'dispatcherServlet'
2022-09-13 19:47:25.145  INFO 23024 --- [o-auto-1-exec-1] o.s.web.servlet.DispatcherServlet        : Completed initialization in 10 ms
Hibernate: select posts0_.id as id1_0_, posts0_.created_date as created_2_0_, posts0_.modified_date as modified3_0_, posts0_.author as author4_0_, posts0_.content as content5_0_, posts0_.title as title6_0_ from posts posts0_ order by posts0_.id DESC
]]></system-out>
  <system-err><![CDATA[]]></system-err>
</testsuite>
